Start testing: Mar 18 10:02 India Standard Time
----------------------------------------------------------
Test not available without configuration.  (Missing "-C <config>"?)
1/4 Testing: test_autograd
1/4 Test: test_autograd
Command: "NOT_AVAILABLE"
Directory: C:/Frameworks/own_ml/code/build
"test_autograd" start time: 
Output:
----------------------------------------------------------
<end of output>
Test time =   0.00 sec
----------------------------------------------------------
Test Passed.
"test_autograd" end time: Mar 18 10:02 India Standard Time
"test_autograd" time elapsed: 00:00:00
----------------------------------------------------------

Test not available without configuration.  (Missing "-C <config>"?)
2/4 Testing: test_nn
2/4 Test: test_nn
Command: "NOT_AVAILABLE"
Directory: C:/Frameworks/own_ml/code/build
"test_nn" start time: 
Output:
----------------------------------------------------------
<end of output>
Test time =   0.00 sec
----------------------------------------------------------
Test Passed.
"test_nn" end time: Mar 18 10:02 India Standard Time
"test_nn" time elapsed: 00:00:00
----------------------------------------------------------

Test not available without configuration.  (Missing "-C <config>"?)
3/4 Testing: test_optim
3/4 Test: test_optim
Command: "NOT_AVAILABLE"
Directory: C:/Frameworks/own_ml/code/build
"test_optim" start time: 
Output:
----------------------------------------------------------
<end of output>
Test time =   0.00 sec
----------------------------------------------------------
Test Passed.
"test_optim" end time: Mar 18 10:02 India Standard Time
"test_optim" time elapsed: 00:00:00
----------------------------------------------------------

Test not available without configuration.  (Missing "-C <config>"?)
4/4 Testing: test_tensor
4/4 Test: test_tensor
Command: "NOT_AVAILABLE"
Directory: C:/Frameworks/own_ml/code/build
"test_tensor" start time: 
Output:
----------------------------------------------------------
<end of output>
Test time =   0.00 sec
----------------------------------------------------------
Test Passed.
"test_tensor" end time: Mar 18 10:02 India Standard Time
"test_tensor" time elapsed: 00:00:00
----------------------------------------------------------

End testing: Mar 18 10:02 India Standard Time
